<?xml version="1.0" encoding="UTF-8"?>
<!-- Generated by org.testng.reporters.JUnitReportReporter -->
<testsuite hostname="LTIN611913" failures="0" tests="7" name="com.cts.hackathonproject.testrunners.TestScenario1" time="241.321" errors="1" timestamp="2025-07-24T12:45:12 IST" skipped="0">
  <testcase classname="com.cts.hackathonproject.testrunners.TestScenario1" name="checkRatings" time="64.270"/>
  <testcase classname="com.cts.hackathonproject.testrunners.TestScenario1" name="TC007" time="14.564"/>
  <testcase classname="com.cts.hackathonproject.testrunners.TestScenario1" name="verifyIfCourseCardsArePresentAfterApplyingFilters" time="32.608"/>
  <testcase classname="com.cts.hackathonproject.testrunners.TestScenario1" name="checkTotalLearningHours" time="65.025"/>
  <testcase classname="com.cts.hackathonproject.testrunners.TestScenario1" name="verifyIfCoursesAreDisplayed" time="23.923"/>
  <testcase classname="com.cts.hackathonproject.testrunners.TestScenario1" name="verifyCourseLinksOpening" time="11.456">
    <error message="
Cannot inject @Test annotated Method [verifyCourseLinksOpening] with [class [Ljava.lang.String;].
For more information on native dependency injection please refer to https://testng.org/#_dependency_injection" type="org.testng.TestNGException">
      <![CDATA[org.testng.TestNGException: 
Cannot inject @Test annotated Method [verifyCourseLinksOpening] with [class [Ljava.lang.String;].
For more information on native dependency injection please refer to https://testng.org/#_dependency_injection
at org.testng.internal.Parameters.checkParameterTypes(Parameters.java:442)
at org.testng.internal.Parameters.createParametersForMethod(Parameters.java:347)
at org.testng.internal.Parameters.createParameters(Parameters.java:699)
at org.testng.internal.Parameters.handleParameters(Parameters.java:885)
at org.testng.internal.Parameters.handleParameters(Parameters.java:734)
at org.testng.internal.invokers.ParameterHandler.handleParameters(ParameterHandler.java:72)
at org.testng.internal.invokers.ParameterHandler.createParameters(ParameterHandler.java:51)
at org.testng.internal.invokers.TestInvoker$MethodInvocationAgent.invoke(TestInvoker.java:949)
at org.testng.internal.invokers.TestInvoker.invokeTestMethods(TestInvoker.java:203)
at org.testng.internal.invokers.TestMethodWorker.invokeTestMethods(TestMethodWorker.java:154)
at org.testng.internal.invokers.TestMethodWorker.run(TestMethodWorker.java:134)
at java.base/java.util.ArrayList.forEach(ArrayList.java:1596)
at org.testng.TestRunner.privateRun(TestRunner.java:741)
at org.testng.TestRunner.run(TestRunner.java:616)
at org.testng.SuiteRunner.runTest(SuiteRunner.java:421)
at org.testng.SuiteRunner.runSequentially(SuiteRunner.java:413)
at org.testng.SuiteRunner.privateRun(SuiteRunner.java:373)
at org.testng.SuiteRunner.run(SuiteRunner.java:312)
at org.testng.SuiteRunnerWorker.runSuite(SuiteRunnerWorker.java:52)
at org.testng.SuiteRunnerWorker.run(SuiteRunnerWorker.java:95)
at org.testng.TestNG.runSuitesSequentially(TestNG.java:1274)
at org.testng.TestNG.runSuitesLocally(TestNG.java:1208)
at org.testng.TestNG.runSuites(TestNG.java:1112)
at org.testng.TestNG.run(TestNG.java:1079)
at com.intellij.rt.testng.IDEARemoteTestNG.run(IDEARemoteTestNG.java:65)
at com.intellij.rt.testng.RemoteTestNGStarter.main(RemoteTestNGStarter.java:105)
]]>
    </error>
  </testcase> <!-- verifyCourseLinksOpening -->
  <testcase classname="com.cts.hackathonproject.testrunners.TestScenario1" name="verifyIfFiltersAreAppliedProperly" time="29.475"/>
</testsuite> <!-- com.cts.hackathonproject.testrunners.TestScenario1 -->
